2021-07-07 14:15:58,240 logger.py[line:50] INFO Open url: https://www.nhtest.com/en/customer/account/login
2021-07-07 14:15:58,359 logger.py[line:50] INFO Maximize the current window.
2021-07-07 14:15:58,754 logger.py[line:50] INFO Had take screenshot and save to folder : \screenshots
2021-07-07 14:15:58,755 logger.py[line:50] INFO Set implicitly wait 10 seconds.
2021-07-07 14:16:01,860 logger.py[line:50] INFO Had take screenshot and save to folder : \screenshots
2021-07-07 14:16:01,872 logger.py[line:50] INFO Had find the element //*[@id="details-button"] successful 
2021-07-07 14:16:01,896 logger.py[line:50] INFO The element xpath=>//*[@id="details-button"] was clicked.
2021-07-07 14:16:05,018 logger.py[line:50] INFO Had take screenshot and save to folder : \screenshots
2021-07-07 14:16:05,028 logger.py[line:50] INFO Had find the element //*[@id="proceed-link"] successful 
2021-07-07 14:16:09,848 logger.py[line:50] INFO The element xpath=>//*[@id="proceed-link"] was clicked.
2021-07-07 14:16:12,855 logger.py[line:50] INFO Had find the element //*[@id="email"] successful 
2021-07-07 14:16:13,115 logger.py[line:50] INFO Had take screenshot and save to folder : \screenshots
2021-07-07 14:16:13,116 logger.py[line:50] INFO Had type ' 2770488802@qq.com ' in inputBox
2021-07-07 14:16:16,122 logger.py[line:50] INFO Had find the element //*[@id="password"] successful 
2021-07-07 14:16:16,332 logger.py[line:50] INFO Had take screenshot and save to folder : \screenshots
2021-07-07 14:16:16,333 logger.py[line:50] INFO Had type ' 123456 ' in inputBox
2021-07-07 14:16:19,484 logger.py[line:50] INFO Had take screenshot and save to folder : \screenshots
2021-07-07 14:16:19,498 logger.py[line:50] INFO Had find the element //*[@id="saveButton"] successful 
2021-07-07 14:16:24,288 logger.py[line:50] INFO The element xpath=>//*[@id="saveButton"] was clicked.
2021-07-07 14:16:27,422 logger.py[line:50] INFO Had take screenshot and save to folder : \screenshots
2021-07-07 14:16:27,432 logger.py[line:50] INFO Had find the element //*[@id="g-head"]/div/p/a successful 
2021-07-07 14:16:39,717 logger.py[line:50] INFO The element xpath=>//*[@id="g-head"]/div/p/a was clicked.
2021-07-07 14:16:43,219 logger.py[line:50] INFO Had take screenshot and save to folder : \screenshots
2021-07-07 14:16:43,232 logger.py[line:50] INFO Had find the element /html/body/div[1]/div/div/a[1] successful 
2021-07-07 14:16:44,591 logger.py[line:50] INFO The element xpath=>/html/body/div[1]/div/div/a[1] was clicked.
2021-07-07 14:16:47,744 logger.py[line:50] INFO Had take screenshot and save to folder : \screenshots
2021-07-07 14:16:47,753 logger.py[line:50] INFO Had find the element /html/body/div[6]/div[1]/div/ul/li[3]/a successful 
2021-07-07 14:16:48,895 logger.py[line:50] INFO The element xpath=>/html/body/div[6]/div[1]/div/ul/li[3]/a was clicked.
2021-07-07 14:16:52,037 logger.py[line:50] INFO Had take screenshot and save to folder : \screenshots
2021-07-07 14:16:52,046 logger.py[line:50] INFO Had find the element /html/body/div[6]/div[2]/div/div[2]/table/tbody/tr[1]/td[1] successful 
2021-07-07 14:16:53,210 logger.py[line:50] INFO The element xpath=>/html/body/div[6]/div[2]/div/div[2]/table/tbody/tr[1]/td[1] was clicked.
2021-07-07 14:16:56,357 logger.py[line:50] INFO Had take screenshot and save to folder : \screenshots
2021-07-07 14:16:56,367 logger.py[line:50] INFO Had find the element //*[@id="selectAllCheckbox"] successful 
2021-07-07 14:16:56,400 logger.py[line:50] INFO The element xpath=>//*[@id="selectAllCheckbox"] was clicked.
2021-07-07 14:16:59,537 logger.py[line:50] INFO Had take screenshot and save to folder : \screenshots
2021-07-07 14:16:59,545 logger.py[line:50] INFO Had find the element /html/body/div[6]/div/div/div[2]/div[1]/div[1]/div/button successful 
2021-07-07 14:16:59,575 logger.py[line:50] INFO The element xpath=>/html/body/div[6]/div/div/div[2]/div[1]/div[1]/div/button was clicked.
2021-07-07 14:17:02,722 logger.py[line:50] INFO Had take screenshot and save to folder : \screenshots
2021-07-07 14:17:02,733 logger.py[line:50] INFO Had find the element //*[@id="J_HeadCart"]/div/a successful 
2021-07-07 14:17:03,892 logger.py[line:50] INFO The element xpath=>//*[@id="J_HeadCart"]/div/a was clicked.
2021-07-07 14:17:07,105 logger.py[line:50] INFO Had take screenshot and save to folder : \screenshots
2021-07-07 14:17:07,117 logger.py[line:50] INFO Had find the element //*[@id="J_Total_Cart"]/div[2]/div[2]/a successful 
2021-07-07 14:17:07,324 logger.py[line:50] INFO The element xpath=>//*[@id="J_Total_Cart"]/div[2]/div[2]/a was clicked.
2021-07-07 14:17:10,535 logger.py[line:50] INFO Had take screenshot and save to folder : \screenshots
2021-07-07 14:17:20,543 logger.py[line:53] ERROR NoSuchElementException: Message: no such element: Unable to locate element: {"method":"xpath","selector":"//*[@id="orderForm"]/div/div[3]/div[2]/div[15]/button"}
  (Session info: chrome=90.0.4430.212)

2021-07-07 14:17:20,758 logger.py[line:50] INFO Had take screenshot and save to folder : \screenshots
2021-07-07 14:17:24,881 logger.py[line:50] INFO Closing and quit the browser.
2021-07-07 14:17:24,882 logger.py[line:50] INFO Now, Close and quit the browser.
